<?xml version="1.0" encoding="UTF-8"?>
<!-- Generated by org.testng.reporters.JUnitXMLReporter -->
<testsuite ignored="0" hostname="PAT-RICK" failures="2" tests="2" name="Regression Test" time="0.636" errors="0" timestamp="2022-12-11T10:44:23 GMT">
  <testcase classname="com.ultimateqa.courses.testsuite.LoginPageTest" name="userShouldNavigateToLoginPageSuccessfully" time="0.018">
    <failure type="java.lang.NullPointerException" message="Cannot invoke &amp;quot;com.ultimateqa.courses.pages.LoginPage.clickOnLoginPage()&amp;quot; because &amp;quot;this.loginPage&amp;quot; is null">
      <![CDATA[java.lang.NullPointerException: Cannot invoke "com.ultimateqa.courses.pages.LoginPage.clickOnLoginPage()" because "this.loginPage" is null
at com.ultimateqa.courses.testsuite.LoginPageTest.userShouldNavigateToLoginPageSuccessfully(LoginPageTest.java:29)
at java.base/java.util.ArrayList.forEach(ArrayList.java:1511)
at com.intellij.rt.testng.IDEARemoteTestNG.run(IDEARemoteTestNG.java:66)
at com.intellij.rt.testng.RemoteTestNGStarter.main(RemoteTestNGStarter.java:109)
... Removed 24 stack frames]]>
    </failure>
  </testcase> <!-- userShouldNavigateToLoginPageSuccessfully -->
  <testcase classname="com.ultimateqa.courses.testsuite.LoginPageTest" name="userShouldNavigateToLoginPageSuccessfully" time="0.07">
    <failure type="java.lang.NullPointerException" message="Cannot invoke &amp;quot;org.openqa.selenium.TakesScreenshot.getScreenshotAs(org.openqa.selenium.OutputType)&amp;quot; because &amp;quot;screenshot&amp;quot; is null">
      <![CDATA[java.lang.NullPointerException: Cannot invoke "org.openqa.selenium.TakesScreenshot.getScreenshotAs(org.openqa.selenium.OutputType)" because "screenshot" is null
at com.ultimateqa.courses.utility.Utility.takeScreenShot(Utility.java:349)
at com.ultimateqa.courses.customlisteners.CustomListeners.onTestFailure(CustomListeners.java:35)
at java.base/java.util.ArrayList.forEach(ArrayList.java:1511)
at com.intellij.rt.testng.IDEARemoteTestNG.run(IDEARemoteTestNG.java:66)
at com.intellij.rt.testng.RemoteTestNGStarter.main(RemoteTestNGStarter.java:109)
... Removed 21 stack frames]]>
    </failure>
  </testcase> <!-- userShouldNavigateToLoginPageSuccessfully -->
</testsuite> <!-- Regression Test -->
